<?xml version="1.0" encoding="UTF-8"?>
<!-- Generated by org.testng.reporters.JUnitReportReporter -->
<testsuite hostname="DESKTOP-DI2UBRL" failures="0" tests="1" name="TestClasses.LaunchBrowses" time="60.402" errors="0" timestamp="2023-11-10T10:23:07 IST" skipped="0">
  <testcase classname="TestClasses.LaunchBrowses" name="show" time="60.402"/>
  <system-out/>
</testsuite> <!-- TestClasses.LaunchBrowses -->
